<?xml version="1.0" encoding="UTF-8"?>
<!-- Generated by org.testng.reporters.JUnitXMLReporter -->
<testsuite hostname="DESKTOP-OQ3P6LF" ignored="4" name="Default test" tests="1" failures="0" timestamp="12 Oct 2022 02:47:13 GMT" time="17.532" errors="0">
  <testcase name="bookBusTicketAndPrint" time="17.433" classname="testScenarios.TestCases"/>
  <testcase name="bookBusTicketAndTrack" time="0.0" classname="testScenarios.TestCases">
    <ignored/>
  </testcase> <!-- bookBusTicketAndTrack -->
  <testcase name="bookBusTicketAndEdit" time="0.0" classname="testScenarios.TestCases">
    <ignored/>
  </testcase> <!-- bookBusTicketAndEdit -->
  <testcase name="bookBusTicketAndCancel" time="0.0" classname="testScenarios.TestCases">
    <ignored/>
  </testcase> <!-- bookBusTicketAndCancel -->
  <testcase name="bookBusTicketAndCheckStatus" time="0.0" classname="testScenarios.TestCases">
    <ignored/>
  </testcase> <!-- bookBusTicketAndCheckStatus -->
</testsuite> <!-- Default test -->
