<?xml version="1.0" encoding="UTF-8"?>
<testng-results skipped="0" failed="0" ignored="4" total="5" passed="1">
  <reporter-output>
  </reporter-output>
  <suite name="Default suite" duration-ms="17532" started-at="2022-10-12T02:46:55Z" finished-at="2022-10-12T02:47:13Z">
    <groups>
    </groups>
    <test name="Default test" duration-ms="17532" started-at="2022-10-12T02:46:55Z" finished-at="2022-10-12T02:47:13Z">
      <class name="testScenarios.TestCases">
        <test-method status="PASS" signature="bookBusTicketAndPrint()[pri:0, instance:testScenarios.TestCases@305f7627]" name="bookBusTicketAndPrint" duration-ms="17433" started-at="2022-10-12T02:46:55Z" finished-at="2022-10-12T02:47:13Z">
          <reporter-output>
          </reporter-output>
        </test-method> <!-- bookBusTicketAndPrint -->
      </class> <!-- testScenarios.TestCases -->
    </test> <!-- Default test -->
  </suite> <!-- Default suite -->
</testng-results>
